  aescrypt.c
  aeskey.c
  aestab.c
  aes_modes.c
  curve25519-donna.c
D:\Code\MissionPlanner\ExtLibs\GEC_base\GEC\src\curve25519-donna.c(477,30): warning C4244: “=”: 从“limb”转换到“s32”，可能丢失数据
  ed25519.c
  gcm.c
  gec-ke.c
D:\Code\MissionPlanner\ExtLibs\GEC_base\GEC\src\gec-ke.c(100,70): warning C4244: “函数”: 从“unsigned __int64”转换到“const size_t”，可能丢失数据
D:\Code\MissionPlanner\ExtLibs\GEC_base\GEC\src\gec-ke.c(166,13): warning C4101: “concatKeysSig”: 未引用的局部变量
D:\Code\MissionPlanner\ExtLibs\GEC_base\GEC\src\gec-ke.c(226,21): warning C4101: “concatKeysSig”: 未引用的局部变量
  gec.c
D:\Code\MissionPlanner\ExtLibs\GEC_base\GEC\src\gec.c(123,32): warning C4244: “函数”: 从“uint64_t”转换到“uint32_t”，可能丢失数据
D:\Code\MissionPlanner\ExtLibs\GEC_base\GEC\src\gec.c(124,46): warning C4244: “函数”: 从“uint64_t”转换到“uint32_t”，可能丢失数据
D:\Code\MissionPlanner\ExtLibs\GEC_base\GEC\src\gec.c(186,37): warning C4244: “函数”: 从“uint64_t”转换到“uint32_t”，可能丢失数据
  gf128mul.c
  gf_convert.c
  正在生成代码...
    正在创建库 D:\Code\MissionPlanner\Debug\GEC_base.lib 和对象 D:\Code\MissionPlanner\Debug\GEC_base.exp
  GEC_base.vcxproj -> D:\Code\MissionPlanner\Debug\GEC_base.dll
