d:\code\gec\gec_base\debug\vc142.pdb
d:\code\gec\gec_base\debug\vc142.idb
d:\code\gec\gec_base\debug\gf_convert.obj
d:\code\gec\gec_base\debug\gf128mul.obj
d:\code\gec\gec_base\debug\gec.obj
d:\code\gec\gec_base\debug\gcm.obj
d:\code\gec\gec_base\debug\ed25519.obj
d:\code\gec\gec_base\debug\curve25519-donna.obj
d:\code\gec\gec_base\debug\aestab.obj
d:\code\gec\gec_base\debug\aeskey.obj
d:\code\gec\gec_base\debug\aescrypt.obj
d:\code\gec\gec_base\debug\aes_modes.obj
d:\code\gec\gec_base\debug\gec-ke.obj
d:\code\missionplanner - 副本\extlibs\simpleexample\gec_base\debug\vc142.pdb
d:\code\missionplanner - 副本\extlibs\simpleexample\gec_base\debug\vc142.idb
d:\code\missionplanner - 副本\extlibs\simpleexample\gec_base\debug\gf_convert.obj
d:\code\missionplanner - 副本\extlibs\simpleexample\gec_base\debug\gf128mul.obj
d:\code\missionplanner - 副本\extlibs\simpleexample\gec_base\debug\gec.obj
d:\code\missionplanner - 副本\extlibs\simpleexample\gec_base\debug\gec-ke.obj
d:\code\missionplanner - 副本\extlibs\simpleexample\gec_base\debug\gcm.obj
d:\code\missionplanner - 副本\extlibs\simpleexample\gec_base\debug\ed25519.obj
d:\code\missionplanner - 副本\extlibs\simpleexample\gec_base\debug\curve25519-donna.obj
d:\code\missionplanner - 副本\extlibs\simpleexample\gec_base\debug\aes_modes.obj
d:\code\missionplanner - 副本\extlibs\simpleexample\gec_base\debug\aestab.obj
d:\code\missionplanner - 副本\extlibs\simpleexample\gec_base\debug\aeskey.obj
d:\code\missionplanner - 副本\extlibs\simpleexample\gec_base\debug\aescrypt.obj
d:\code\missionplanner\extlibs\gec_base\debug\vc142.pdb
d:\code\missionplanner\extlibs\gec_base\debug\vc142.idb
d:\code\missionplanner\extlibs\gec_base\debug\gf_convert.obj
d:\code\missionplanner\extlibs\gec_base\debug\gf128mul.obj
d:\code\missionplanner\extlibs\gec_base\debug\gec.obj
d:\code\missionplanner\extlibs\gec_base\debug\gec-ke.obj
d:\code\missionplanner\extlibs\gec_base\debug\gcm.obj
d:\code\missionplanner\extlibs\gec_base\debug\ed25519.obj
d:\code\missionplanner\extlibs\gec_base\debug\curve25519-donna.obj
d:\code\missionplanner\extlibs\gec_base\debug\aes_modes.obj
d:\code\missionplanner\extlibs\gec_base\debug\aestab.obj
d:\code\missionplanner\extlibs\gec_base\debug\aeskey.obj
d:\code\missionplanner\extlibs\gec_base\debug\aescrypt.obj
d:\code\gec\debug\gec_base.lib
d:\code\gec\debug\gec_base.exp
d:\code\missionplanner - 副本\extlibs\simpleexample\debug\gec_base.lib
d:\code\missionplanner - 副本\extlibs\simpleexample\debug\gec_base.exp
d:\code\missionplanner\debug\gec_base.lib
d:\code\missionplanner\debug\gec_base.exp
d:\code\missionplanner\extlibs\gec_base\bin\debug\net461\gec_base.lib
d:\code\missionplanner\extlibs\gec_base\bin\debug\net461\gec_base.exp
d:\code\gec\gec_base\debug\gec_base.ilk
d:\code\gec\debug\gec_base.dll
d:\code\gec\debug\gec_base.pdb
d:\code\missionplanner - 副本\extlibs\simpleexample\debug\gec_base.dll
d:\code\missionplanner - 副本\extlibs\simpleexample\gec_base\debug\gec_base.ilk
d:\code\missionplanner - 副本\extlibs\simpleexample\debug\gec_base.pdb
d:\code\missionplanner\extlibs\gec_base\bin\debug\net461\gec_base.dll
d:\code\missionplanner\extlibs\gec_base\debug\gec_base.ilk
d:\code\missionplanner\extlibs\gec_base\bin\debug\net461\gec_base.pdb
d:\code\missionplanner\debug\gec_base.dll
d:\code\missionplanner\debug\gec_base.pdb
d:\code\missionplanner\extlibs\gec_base\debug\gec_base.tlog\cl.command.1.tlog
d:\code\missionplanner\extlibs\gec_base\debug\gec_base.tlog\cl.read.1.tlog
d:\code\missionplanner\extlibs\gec_base\debug\gec_base.tlog\cl.write.1.tlog
d:\code\missionplanner\extlibs\gec_base\debug\gec_base.tlog\gec_base.write.1u.tlog
d:\code\missionplanner\extlibs\gec_base\debug\gec_base.tlog\link.19488.delete.1.tlog
d:\code\missionplanner\extlibs\gec_base\debug\gec_base.tlog\link.24236.delete.1.tlog
d:\code\missionplanner\extlibs\gec_base\debug\gec_base.tlog\link.command.1.tlog
d:\code\missionplanner\extlibs\gec_base\debug\gec_base.tlog\link.read.1.tlog
d:\code\missionplanner\extlibs\gec_base\debug\gec_base.tlog\link.write.1.tlog
